<?xml version="1.0" encoding="UTF-8"?>
<testsuite name="iia.games.base.IGameTest" tests="1" skipped="0" failures="0" errors="0" timestamp="2020-05-04T00:48:26" hostname="TheBolshe-PC" time="0.0">
  <properties/>
  <testcase name="infinitySymmetry" classname="iia.games.base.IGameTest" time="0.0"/>
  <system-out><![CDATA[]]></system-out>
  <system-err><![CDATA[]]></system-err>
</testsuite>
