<?xml version="1.0" encoding="UTF-8"?>
<testsuite name="iia.games.algo.MinimaxNimTest" tests="4" skipped="0" failures="0" errors="0" timestamp="2020-05-04T00:48:26" hostname="TheBolshe-PC" time="0.008">
  <properties/>
  <testcase name="minmaxMore" classname="iia.games.algo.MinimaxNimTest" time="0.003"/>
  <testcase name="maxmin" classname="iia.games.algo.MinimaxNimTest" time="0.001"/>
  <testcase name="minmax" classname="iia.games.algo.MinimaxNimTest" time="0.001"/>
  <testcase name="maxminMore" classname="iia.games.algo.MinimaxNimTest" time="0.001"/>
  <system-out><![CDATA[]]></system-out>
  <system-err><![CDATA[]]></system-err>
</testsuite>
