<?xml version="1.0" encoding="UTF-8"?>
<testsuite name="iia.games.nim.ANimGameTest" tests="4" skipped="0" failures="0" errors="0" timestamp="2020-05-03T21:46:30" hostname="TheBolshe-PC" time="0.003">
  <properties/>
  <testcase name="possibleMoves" classname="iia.games.nim.ANimGameTest" time="0.002"/>
  <testcase name="isValidMove" classname="iia.games.nim.ANimGameTest" time="0.001"/>
  <testcase name="isGameOver" classname="iia.games.nim.ANimGameTest" time="0.0"/>
  <testcase name="getN_matches" classname="iia.games.nim.ANimGameTest" time="0.0"/>
  <system-out><![CDATA[]]></system-out>
  <system-err><![CDATA[]]></system-err>
</testsuite>
