<?xml version="1.0" encoding="UTF-8"?>
<testsuite name="iia.games.nim.NimGameSecondTest" tests="2" skipped="0" failures="0" errors="0" timestamp="2020-05-04T04:40:33" hostname="TheBolshe-PC" time="0.001">
  <properties/>
  <testcase name="play" classname="iia.games.nim.NimGameSecondTest" time="0.001"/>
  <testcase name="getValue" classname="iia.games.nim.NimGameSecondTest" time="0.0"/>
  <system-out><![CDATA[]]></system-out>
  <system-err><![CDATA[]]></system-err>
</testsuite>
